nmap -vv --reason -Pn -T4 -sV -sC --version-all -A --osscan-guess -oN "/home/beed2112/hackclub/results/results/trippple.hc/scans/_quick_tcp_nmap.txt" -oX "/home/beed2112/hackclub/results/results/trippple.hc/scans/xml/_quick_tcp_nmap.xml" trippple.hc

nmap -vv --reason -Pn -T4 -sV -sC --version-all -A --osscan-guess -p- -oN "/home/beed2112/hackclub/results/results/trippple.hc/scans/_full_tcp_nmap.txt" -oX "/home/beed2112/hackclub/results/results/trippple.hc/scans/xml/_full_tcp_nmap.xml" trippple.hc

nmap -vv --reason -Pn -T4 -sU -A --top-ports 100 -oN "/home/beed2112/hackclub/results/results/trippple.hc/scans/_top_100_udp_nmap.txt" -oX "/home/beed2112/hackclub/results/results/trippple.hc/scans/xml/_top_100_udp_nmap.xml" trippple.hc

dig -p 53 -x trippple.hc @trippple.hc

dig AXFR -p 53 @trippple.hc trippple.hc

nmap -vv --reason -Pn -T4 -sV -p 53 --script="banner,(dns* or ssl*) and not (brute or broadcast or dos or external or fuzzer)" -oN "/home/beed2112/hackclub/results/results/trippple.hc/scans/tcp53/tcp_53_dns_nmap.txt" -oX "/home/beed2112/hackclub/results/results/trippple.hc/scans/tcp53/xml/tcp_53_dns_nmap.xml" trippple.hc

nmap -vv --reason -Pn -T4 -sV -p 88 --script="banner,krb5-enum-users" -oN "/home/beed2112/hackclub/results/results/trippple.hc/scans/tcp88/tcp_88_kerberos_nmap.txt" -oX "/home/beed2112/hackclub/results/results/trippple.hc/scans/tcp88/xml/tcp_88_kerberos_nmap.xml" trippple.hc

nmap -vv --reason -Pn -T4 -sV -p 135 --script="banner,msrpc-enum,rpc-grind,rpcinfo" -oN "/home/beed2112/hackclub/results/results/trippple.hc/scans/tcp135/tcp_135_rpc_nmap.txt" -oX "/home/beed2112/hackclub/results/results/trippple.hc/scans/tcp135/xml/tcp_135_rpc_nmap.xml" trippple.hc

impacket-rpcdump -port 135 trippple.hc

enum4linux -a -M -l -d trippple.hc 2>&1

nbtscan -rvh trippple.hc 2>&1

nmap -vv --reason -Pn -T4 -sV -p 139 --script="banner,(nbstat or smb* or ssl*) and not (brute or broadcast or dos or external or fuzzer)" -oN "/home/beed2112/hackclub/results/results/trippple.hc/scans/tcp139/tcp_139_smb_nmap.txt" -oX "/home/beed2112/hackclub/results/results/trippple.hc/scans/tcp139/xml/tcp_139_smb_nmap.xml" trippple.hc

smbclient -L //trippple.hc -N -I trippple.hc 2>&1

smbmap -H trippple.hc -P 139 2>&1

nmap -vv --reason -Pn -T4 -sV -p 389 --script="banner,(ldap* or ssl*) and not (brute or broadcast or dos or external or fuzzer)" -oN "/home/beed2112/hackclub/results/results/trippple.hc/scans/tcp389/tcp_389_ldap_nmap.txt" -oX "/home/beed2112/hackclub/results/results/trippple.hc/scans/tcp389/xml/tcp_389_ldap_nmap.xml" trippple.hc

nmap -vv --reason -Pn -T4 -sV -p 445 --script="banner,(nbstat or smb* or ssl*) and not (brute or broadcast or dos or external or fuzzer)" -oN "/home/beed2112/hackclub/results/results/trippple.hc/scans/tcp445/tcp_445_smb_nmap.txt" -oX "/home/beed2112/hackclub/results/results/trippple.hc/scans/tcp445/xml/tcp_445_smb_nmap.xml" trippple.hc

smbmap -H trippple.hc -P 445 2>&1

nmap -vv --reason -Pn -T4 -sV -p 464 --script="banner,krb5-enum-users" -oN "/home/beed2112/hackclub/results/results/trippple.hc/scans/tcp464/tcp_464_kerberos_nmap.txt" -oX "/home/beed2112/hackclub/results/results/trippple.hc/scans/tcp464/xml/tcp_464_kerberos_nmap.xml" trippple.hc

nmap -vv --reason -Pn -T4 -sV -p 3268 --script="banner,(ldap* or ssl*) and not (brute or broadcast or dos or external or fuzzer)" -oN "/home/beed2112/hackclub/results/results/trippple.hc/scans/tcp3268/tcp_3268_ldap_nmap.txt" -oX "/home/beed2112/hackclub/results/results/trippple.hc/scans/tcp3268/xml/tcp_3268_ldap_nmap.xml" trippple.hc

nmap -vv --reason -Pn -T4 -sV -p 3389 --script="banner,(rdp* or ssl*) and not (brute or broadcast or dos or external or fuzzer)" -oN "/home/beed2112/hackclub/results/results/trippple.hc/scans/tcp3389/tcp_3389_rdp_nmap.txt" -oX "/home/beed2112/hackclub/results/results/trippple.hc/scans/tcp3389/xml/tcp_3389_rdp_nmap.xml" trippple.hc

dig AXFR -p 53 @trippple.hc

smbmap -u null -p "" -H trippple.hc -P 139 2>&1

smbmap -u null -p "" -H trippple.hc -P 445 2>&1

smbmap -H trippple.hc -P 139 -R 2>&1

smbmap -H trippple.hc -P 445 -R 2>&1

smbmap -u null -p "" -H trippple.hc -P 139 -R 2>&1

smbmap -u null -p "" -H trippple.hc -P 445 -R 2>&1

smbmap -H trippple.hc -P 139 -x "ipconfig /all" 2>&1

smbmap -H trippple.hc -P 445 -x "ipconfig /all" 2>&1

smbmap -u null -p "" -H trippple.hc -P 139 -x "ipconfig /all" 2>&1

smbmap -u null -p "" -H trippple.hc -P 445 -x "ipconfig /all" 2>&1

feroxbuster -u http://trippple.hc:5985/ -t 10 -w /usr/share/seclists/Discovery/Web-Content/common.txt -x "txt,html,php,asp,aspx,jsp" -v -k -n -q -o "/home/beed2112/hackclub/results/results/trippple.hc/scans/tcp5985/tcp_5985_http_feroxbuster_common.txt"

curl -sSik http://trippple.hc:5985/

curl -sSikf http://trippple.hc:5985/.well-known/security.txt

curl -sSikf http://trippple.hc:5985/robots.txt

nmap -vv --reason -Pn -T4 -sV -p 5985 --script="banner,(http* or ssl*) and not (brute or broadcast or dos or external or http-slowloris* or fuzzer)" -oN "/home/beed2112/hackclub/results/results/trippple.hc/scans/tcp5985/tcp_5985_http_nmap.txt" -oX "/home/beed2112/hackclub/results/results/trippple.hc/scans/tcp5985/xml/tcp_5985_http_nmap.xml" trippple.hc

whatweb --color=never --no-errors -a 3 -v http://trippple.hc:5985 2>&1

wkhtmltoimage --format png http://trippple.hc:5985/ /home/beed2112/hackclub/results/results/trippple.hc/scans/tcp5985/tcp_5985_http_screenshot.png

nmap -vv --reason -Pn -T4 -sV -p 49666 --script="banner,msrpc-enum,rpc-grind,rpcinfo" -oN "/home/beed2112/hackclub/results/results/trippple.hc/scans/tcp49666/tcp_49666_rpc_nmap.txt" -oX "/home/beed2112/hackclub/results/results/trippple.hc/scans/tcp49666/xml/tcp_49666_rpc_nmap.xml" trippple.hc

impacket-rpcdump -port 49666 trippple.hc

nmap -vv --reason -Pn -T4 -sV -p 49667 --script="banner,msrpc-enum,rpc-grind,rpcinfo" -oN "/home/beed2112/hackclub/results/results/trippple.hc/scans/tcp49667/tcp_49667_rpc_nmap.txt" -oX "/home/beed2112/hackclub/results/results/trippple.hc/scans/tcp49667/xml/tcp_49667_rpc_nmap.xml" trippple.hc

impacket-rpcdump -port 49667 trippple.hc

nmap -vv --reason -Pn -T4 -sV -p 49670 --script="banner,msrpc-enum,rpc-grind,rpcinfo" -oN "/home/beed2112/hackclub/results/results/trippple.hc/scans/tcp49670/tcp_49670_rpc_nmap.txt" -oX "/home/beed2112/hackclub/results/results/trippple.hc/scans/tcp49670/xml/tcp_49670_rpc_nmap.xml" trippple.hc

impacket-rpcdump -port 49670 trippple.hc

nmap -vv --reason -Pn -T4 -sV -p 49673 --script="banner,msrpc-enum,rpc-grind,rpcinfo" -oN "/home/beed2112/hackclub/results/results/trippple.hc/scans/tcp49673/tcp_49673_rpc_nmap.txt" -oX "/home/beed2112/hackclub/results/results/trippple.hc/scans/tcp49673/xml/tcp_49673_rpc_nmap.xml" trippple.hc

impacket-rpcdump -port 49673 trippple.hc

nmap -vv --reason -Pn -T4 -sV -p 49695 --script="banner,msrpc-enum,rpc-grind,rpcinfo" -oN "/home/beed2112/hackclub/results/results/trippple.hc/scans/tcp49695/tcp_49695_rpc_nmap.txt" -oX "/home/beed2112/hackclub/results/results/trippple.hc/scans/tcp49695/xml/tcp_49695_rpc_nmap.xml" trippple.hc

impacket-rpcdump -port 49695 trippple.hc

nmap -vv --reason -Pn -T4 -sV -p 65341 --script="banner,msrpc-enum,rpc-grind,rpcinfo" -oN "/home/beed2112/hackclub/results/results/trippple.hc/scans/tcp65341/tcp_65341_rpc_nmap.txt" -oX "/home/beed2112/hackclub/results/results/trippple.hc/scans/tcp65341/xml/tcp_65341_rpc_nmap.xml" trippple.hc

impacket-rpcdump -port 65341 trippple.hc

feroxbuster -u http://trippple.hc:5985/ -t 10 -w /usr/share/seclists/Discovery/Web-Content/big.txt -x "txt,html,php,asp,aspx,jsp" -v -k -n -q -o "/home/beed2112/hackclub/results/results/trippple.hc/scans/tcp5985/tcp_5985_http_feroxbuster_big.txt"

